<?xml version="1.0" encoding="UTF-8"?>
<testsuite xmlns:xsi="http://www.w3.org/2001/XMLSchema-instance" xsi:noNamespaceSchemaLocation="https://maven.apache.org/surefire/maven-surefire-plugin/xsd/surefire-test-report.xsd" name="aula_inatel.starWars.swRunner" time="3.899" tests="2" errors="0" skipped="0" failures="2">
  <properties>
[...]
</properties>
  <testcase name="testStarWars[1][1]" classname="aula_inatel.starWars.swRunner" time="2.097">
    <failure message="http call failed after 905 milliseconds for url: https://swapi.dev/api/people/1/&#10;classpath:aula_inatel/starWars/starWars.feature:5" type="org.opentest4j.AssertionFailedError">org.opentest4j.AssertionFailedError: 
http call failed after 905 milliseconds for url: https://swapi.dev/api/people/1/
classpath:aula_inatel/starWars/starWars.feature:5
</failure>
    <system-out><![CDATA[17:52:11.371 [main] DEBUG com.intuit.karate.Suite - [config] classpath:karate-config.js
17:52:12.528 [main] INFO  com.intuit.karate - karate.env system property was: null 
17:52:12.800 [main] DEBUG com.intuit.karate - request:
1 > GET https://swapi.dev/api/people/1/
1 > Host: swapi.dev
1 > Connection: Keep-Alive
1 > User-Agent: Apache-HttpClient/4.5.13 (Java/20.0.1)
1 > Accept-Encoding: gzip,deflate


17:52:13.495 [main] ERROR com.intuit.karate - javax.net.ssl.SSLHandshakeException: PKIX path validation failed: java.security.cert.CertPathValidatorException: validity check failed, http call failed after 905 milliseconds for url: https://swapi.dev/api/people/1/
17:52:13.496 [main] ERROR com.intuit.karate - classpath:aula_inatel/starWars/starWars.feature:5
When method get
http call failed after 905 milliseconds for url: https://swapi.dev/api/people/1/
classpath:aula_inatel/starWars/starWars.feature:5
]]></system-out>
  </testcase>
  <testcase name="testStarWars[1][2]" classname="aula_inatel.starWars.swRunner" time="1.163">
    <failure message="http call failed after 455 milliseconds for url: https://swapi.dev/api/people/1/1234&#10;classpath:aula_inatel/starWars/starWars.feature:10" type="org.opentest4j.AssertionFailedError">org.opentest4j.AssertionFailedError: 
http call failed after 455 milliseconds for url: https://swapi.dev/api/people/1/1234
classpath:aula_inatel/starWars/starWars.feature:10
</failure>
    <system-out><![CDATA[17:52:13.530 [main] INFO  com.intuit.karate - karate.env system property was: null 
17:52:13.534 [main] DEBUG com.intuit.karate - request:
1 > GET https://swapi.dev/api/people/1/1234
1 > Host: swapi.dev
1 > Connection: Keep-Alive
1 > User-Agent: Apache-HttpClient/4.5.13 (Java/20.0.1)
1 > Accept-Encoding: gzip,deflate


17:52:13.988 [main] ERROR com.intuit.karate - javax.net.ssl.SSLHandshakeException: PKIX path validation failed: java.security.cert.CertPathValidatorException: validity check failed, http call failed after 455 milliseconds for url: https://swapi.dev/api/people/1/1234
17:52:13.989 [main] ERROR com.intuit.karate - classpath:aula_inatel/starWars/starWars.feature:10
When method get
http call failed after 455 milliseconds for url: https://swapi.dev/api/people/1/1234
classpath:aula_inatel/starWars/starWars.feature:10
---------------------------------------------------------
feature: classpath:aula_inatel/starWars/starWars.feature
scenarios:  2 | passed:  0 | failed:  2 | time: 1,3678
---------------------------------------------------------

Karate version: 1.1.0
======================================================
elapsed:   3,24 | threads:    1 | thread time: 1,37 
features:     1 | skipped:    0 | efficiency: 0,42
scenarios:    2 | passed:     0 | failed: 2
======================================================
>>> failed features:
http call failed after 905 milliseconds for url: https://swapi.dev/api/people/1/
classpath:aula_inatel/starWars/starWars.feature:5
http call failed after 455 milliseconds for url: https://swapi.dev/api/people/1/1234
classpath:aula_inatel/starWars/starWars.feature:10
<<<

HTML report: (paste into browser to view) | Karate version: 1.1.0
file:///C:/Users/Davi/Desktop/S206Karate/aula_karate/target/karate-reports/karate-summary.html
===================================================================

]]></system-out>
  </testcase>
</testsuite>