<?xml version="1.0" encoding="UTF-8"?>
<testsuite xmlns:xsi="http://www.w3.org/2001/XMLSchema-instance" xsi:noNamespaceSchemaLocation="https://maven.apache.org/surefire/maven-surefire-plugin/xsd/surefire-test-report.xsd" name="aula_inatel.starWars.swRunner" time="3.899" tests="2" errors="0" skipped="0" failures="2">
  <properties>
    <property name="java.specification.version" value="20"/>
    <property name="sun.cpu.isalist" value="amd64"/>
    <property name="sun.jnu.encoding" value="Cp1252"/>
    <property name="java.class.path" value="C:\Users\Davi\Desktop\S206Karate\aula_karate\target\test-classes;C:\Users\Davi\Desktop\S206Karate\aula_karate\target\classes;C:\Users\Davi\.m2\repository\com\intuit\karate\karate-junit5\1.1.0\karate-junit5-1.1.0.jar;C:\Users\Davi\.m2\repository\com\intuit\karate\karate-core\1.1.0\karate-core-1.1.0.jar;C:\Users\Davi\.m2\repository\org\graalvm\js\js-scriptengine\21.2.0\js-scriptengine-21.2.0.jar;C:\Users\Davi\.m2\repository\org\graalvm\sdk\graal-sdk\21.2.0\graal-sdk-21.2.0.jar;C:\Users\Davi\.m2\repository\org\graalvm\js\js\21.2.0\js-21.2.0.jar;C:\Users\Davi\.m2\repository\org\graalvm\regex\regex\21.2.0\regex-21.2.0.jar;C:\Users\Davi\.m2\repository\org\graalvm\truffle\truffle-api\21.2.0\truffle-api-21.2.0.jar;C:\Users\Davi\.m2\repository\com\ibm\icu\icu4j\69.1\icu4j-69.1.jar;C:\Users\Davi\.m2\repository\ch\qos\logback\logback-classic\1.2.3\logback-classic-1.2.3.jar;C:\Users\Davi\.m2\repository\ch\qos\logback\logback-core\1.2.3\logback-core-1.2.3.jar;C:\Users\Davi\.m2\repository\org\slf4j\slf4j-api\1.7.25\slf4j-api-1.7.25.jar;C:\Users\Davi\.m2\repository\org\slf4j\jcl-over-slf4j\1.7.25\jcl-over-slf4j-1.7.25.jar;C:\Users\Davi\.m2\repository\com\jayway\jsonpath\json-path\2.6.0\json-path-2.6.0.jar;C:\Users\Davi\.m2\repository\net\minidev\json-smart\2.4.7\json-smart-2.4.7.jar;C:\Users\Davi\.m2\repository\net\minidev\accessors-smart\2.4.7\accessors-smart-2.4.7.jar;C:\Users\Davi\.m2\repository\org\ow2\asm\asm\9.1\asm-9.1.jar;C:\Users\Davi\.m2\repository\info\cukes\cucumber-java\1.2.5\cucumber-java-1.2.5.jar;C:\Users\Davi\.m2\repository\info\cukes\cucumber-core\1.2.5\cucumber-core-1.2.5.jar;C:\Users\Davi\.m2\repository\org\yaml\snakeyaml\1.29\snakeyaml-1.29.jar;C:\Users\Davi\.m2\repository\de\siegmar\fastcsv\2.0.0\fastcsv-2.0.0.jar;C:\Users\Davi\.m2\repository\info\picocli\picocli\4.6.1\picocli-4.6.1.jar;C:\Users\Davi\.m2\repository\org\junit\jupiter\junit-jupiter-api\5.7.2\junit-jupiter-api-5.7.2.jar;C:\Users\Davi\.m2\repository\org\apiguardian\apiguardian-api\1.1.0\apiguardian-api-1.1.0.jar;C:\Users\Davi\.m2\repository\org\opentest4j\opentest4j\1.2.0\opentest4j-1.2.0.jar;C:\Users\Davi\.m2\repository\org\junit\platform\junit-platform-commons\1.7.2\junit-platform-commons-1.7.2.jar;C:\Users\Davi\.m2\repository\org\junit\jupiter\junit-jupiter-engine\5.7.2\junit-jupiter-engine-5.7.2.jar;C:\Users\Davi\.m2\repository\org\junit\platform\junit-platform-engine\1.7.2\junit-platform-engine-1.7.2.jar;"/>
    <property name="java.vm.vendor" value="Oracle Corporation"/>
    <property name="sun.arch.data.model" value="64"/>
    <property name="user.variant" value=""/>
    <property name="java.vendor.url" value="https://java.oracle.com/"/>
    <property name="user.timezone" value="America/Sao_Paulo"/>
    <property name="os.name" value="Windows 11"/>
    <property name="java.vm.specification.version" value="20"/>
    <property name="sun.java.launcher" value="SUN_STANDARD"/>
    <property name="user.country" value="BR"/>
    <property name="sun.boot.library.path" value="C:\Program Files\Java\jdk-20\bin"/>
    <property name="sun.java.command" value="C:\Users\Davi\AppData\Local\Temp\surefire6158687413608947398\surefirebooter1336159269109414335.jar C:\Users\Davi\AppData\Local\Temp\surefire6158687413608947398 2023-05-15T17-52-09_826-jvmRun1 surefire18373228445847952661tmp surefire_09561221040250128019tmp"/>
    <property name="jdk.debug" value="release"/>
    <property name="test" value="swRunner"/>
    <property name="surefire.test.class.path" value="C:\Users\Davi\Desktop\S206Karate\aula_karate\target\test-classes;C:\Users\Davi\Desktop\S206Karate\aula_karate\target\classes;C:\Users\Davi\.m2\repository\com\intuit\karate\karate-junit5\1.1.0\karate-junit5-1.1.0.jar;C:\Users\Davi\.m2\repository\com\intuit\karate\karate-core\1.1.0\karate-core-1.1.0.jar;C:\Users\Davi\.m2\repository\org\graalvm\js\js-scriptengine\21.2.0\js-scriptengine-21.2.0.jar;C:\Users\Davi\.m2\repository\org\graalvm\sdk\graal-sdk\21.2.0\graal-sdk-21.2.0.jar;C:\Users\Davi\.m2\repository\org\graalvm\js\js\21.2.0\js-21.2.0.jar;C:\Users\Davi\.m2\repository\org\graalvm\regex\regex\21.2.0\regex-21.2.0.jar;C:\Users\Davi\.m2\repository\org\graalvm\truffle\truffle-api\21.2.0\truffle-api-21.2.0.jar;C:\Users\Davi\.m2\repository\com\ibm\icu\icu4j\69.1\icu4j-69.1.jar;C:\Users\Davi\.m2\repository\ch\qos\logback\logback-classic\1.2.3\logback-classic-1.2.3.jar;C:\Users\Davi\.m2\repository\ch\qos\logback\logback-core\1.2.3\logback-core-1.2.3.jar;C:\Users\Davi\.m2\repository\org\slf4j\slf4j-api\1.7.25\slf4j-api-1.7.25.jar;C:\Users\Davi\.m2\repository\org\slf4j\jcl-over-slf4j\1.7.25\jcl-over-slf4j-1.7.25.jar;C:\Users\Davi\.m2\repository\com\jayway\jsonpath\json-path\2.6.0\json-path-2.6.0.jar;C:\Users\Davi\.m2\repository\net\minidev\json-smart\2.4.7\json-smart-2.4.7.jar;C:\Users\Davi\.m2\repository\net\minidev\accessors-smart\2.4.7\accessors-smart-2.4.7.jar;C:\Users\Davi\.m2\repository\org\ow2\asm\asm\9.1\asm-9.1.jar;C:\Users\Davi\.m2\repository\info\cukes\cucumber-java\1.2.5\cucumber-java-1.2.5.jar;C:\Users\Davi\.m2\repository\info\cukes\cucumber-core\1.2.5\cucumber-core-1.2.5.jar;C:\Users\Davi\.m2\repository\org\yaml\snakeyaml\1.29\snakeyaml-1.29.jar;C:\Users\Davi\.m2\repository\de\siegmar\fastcsv\2.0.0\fastcsv-2.0.0.jar;C:\Users\Davi\.m2\repository\info\picocli\picocli\4.6.1\picocli-4.6.1.jar;C:\Users\Davi\.m2\repository\org\junit\jupiter\junit-jupiter-api\5.7.2\junit-jupiter-api-5.7.2.jar;C:\Users\Davi\.m2\repository\org\apiguardian\apiguardian-api\1.1.0\apiguardian-api-1.1.0.jar;C:\Users\Davi\.m2\repository\org\opentest4j\opentest4j\1.2.0\opentest4j-1.2.0.jar;C:\Users\Davi\.m2\repository\org\junit\platform\junit-platform-commons\1.7.2\junit-platform-commons-1.7.2.jar;C:\Users\Davi\.m2\repository\org\junit\jupiter\junit-jupiter-engine\5.7.2\junit-jupiter-engine-5.7.2.jar;C:\Users\Davi\.m2\repository\org\junit\platform\junit-platform-engine\1.7.2\junit-platform-engine-1.7.2.jar;"/>
    <property name="sun.cpu.endian" value="little"/>
    <property name="user.home" value="C:\Users\Davi"/>
    <property name="user.language" value="pt"/>
    <property name="java.specification.vendor" value="Oracle Corporation"/>
    <property name="java.version.date" value="2023-04-18"/>
    <property name="java.home" value="C:\Program Files\Java\jdk-20"/>
    <property name="file.separator" value="\"/>
    <property name="basedir" value="C:\Users\Davi\Desktop\S206Karate\aula_karate"/>
    <property name="java.vm.compressedOopsMode" value="32-bit"/>
    <property name="line.separator" value="&#10;"/>
    <property name="java.vm.specification.vendor" value="Oracle Corporation"/>
    <property name="java.specification.name" value="Java Platform API Specification"/>
    <property name="surefire.real.class.path" value="C:\Users\Davi\AppData\Local\Temp\surefire6158687413608947398\surefirebooter1336159269109414335.jar"/>
    <property name="user.script" value=""/>
    <property name="sun.management.compiler" value="HotSpot 64-Bit Tiered Compilers"/>
    <property name="java.runtime.version" value="20.0.1+9-29"/>
    <property name="user.name" value="Davi"/>
    <property name="stdout.encoding" value="Cp1252"/>
    <property name="path.separator" value=";"/>
    <property name="os.version" value="10.0"/>
    <property name="java.runtime.name" value="Java(TM) SE Runtime Environment"/>
    <property name="file.encoding" value="UTF-8"/>
    <property name="java.vm.name" value="Java HotSpot(TM) 64-Bit Server VM"/>
    <property name="localRepository" value="C:\Users\Davi\.m2\repository"/>
    <property name="java.vendor.url.bug" value="https://bugreport.java.com/bugreport/"/>
    <property name="java.io.tmpdir" value="C:\Users\Davi\AppData\Local\Temp\"/>
    <property name="java.version" value="20.0.1"/>
    <property name="user.dir" value="C:\Users\Davi\Desktop\S206Karate\aula_karate"/>
    <property name="os.arch" value="amd64"/>
    <property name="java.vm.specification.name" value="Java Virtual Machine Specification"/>
    <property name="sun.os.patch.level" value=""/>
    <property name="native.encoding" value="Cp1252"/>
    <property name="java.library.path" value="C:\Program Files\Java\jdk-20\bin;C:\WINDOWS\Sun\Java\bin;C:\WINDOWS\system32;C:\WINDOWS;C:\Program Files\Common Files\Oracle\Java\javapath;C:\Program Files (x86)\Common Files\Oracle\Java\javapath;C:\Windows\system32;C:\Windows;C:\Windows\System32\Wbem;C:\Windows\System32\WindowsPowerShell\v1.0\;C:\Windows\System32\OpenSSH\;C:\Program Files (x86)\NVIDIA Corporation\PhysX\Common;C:\ProgramData\chocolatey\bin;C:\ProgramData\nvm;C:\Program Files\nodejs;C:\Program Files\dotnet\;C:\Program Files\Microsoft SQL Server\150\Tools\Binn\;C:\sqlite3;C:\WINDOWS\system32;C:\WINDOWS;C:\WINDOWS\System32\Wbem;C:\WINDOWS\System32\WindowsPowerShell\v1.0\;C:\WINDOWS\System32\OpenSSH\;C:\Program Files\Git\cmd;C:\Program Files\PostgreSQL\9.5\bin;C:\Program Files\nodejs\;C:\Users\Davi\AppData\Local\Programs\Python\Python310\Scripts\;C:\Users\Davi\AppData\Local\Programs\Python\Python310\;C:\Users\Davi\AppData\Local\Programs\Eclipse Adoptium\jdk-11.0.13.8-hotspot\bin;C:\Users\Davi\AppData\Local\Microsoft\WindowsApps;C:\Users\Davi\AppData\Local\Programs\Microsoft VS Code\bin;C:\Program Files\Java\jdk-20;%M2_HOME%;C:\Users\Davi\AppData\Local\GitHubDesktop\bin;C:\src\flutter\bin;C:\Users\Davi\.dotnet\tools;C:\Users\Davi\AppData\Local\Google\Cloud SDK\google-cloud-sdk\bin;C:\Program Files (x86)\Intelbras\Programador AMT 8000 Desktop\java\bin;C:\Users\Davi\AppData\Roaming\npm;C:\apache-maven-3.9.2\bin;;."/>
    <property name="java.vm.info" value="mixed mode, sharing"/>
    <property name="stderr.encoding" value="Cp1252"/>
    <property name="java.vendor" value="Oracle Corporation"/>
    <property name="java.vm.version" value="20.0.1+9-29"/>
    <property name="sun.io.unicode.encoding" value="UnicodeLittle"/>
    <property name="java.class.version" value="64.0"/>
  </properties>
  <testcase name="testStarWars[1][1]" classname="aula_inatel.starWars.swRunner" time="2.097">
    <failure message="http call failed after 905 milliseconds for url: https://swapi.dev/api/people/1/&#10;classpath:aula_inatel/starWars/starWars.feature:5" type="org.opentest4j.AssertionFailedError">org.opentest4j.AssertionFailedError: 
http call failed after 905 milliseconds for url: https://swapi.dev/api/people/1/
classpath:aula_inatel/starWars/starWars.feature:5
</failure>
    <system-out><![CDATA[17:52:11.371 [main] DEBUG com.intuit.karate.Suite - [config] classpath:karate-config.js
17:52:12.528 [main] INFO  com.intuit.karate - karate.env system property was: null 
17:52:12.800 [main] DEBUG com.intuit.karate - request:
1 > GET https://swapi.dev/api/people/1/
1 > Host: swapi.dev
1 > Connection: Keep-Alive
1 > User-Agent: Apache-HttpClient/4.5.13 (Java/20.0.1)
1 > Accept-Encoding: gzip,deflate


17:52:13.495 [main] ERROR com.intuit.karate - javax.net.ssl.SSLHandshakeException: PKIX path validation failed: java.security.cert.CertPathValidatorException: validity check failed, http call failed after 905 milliseconds for url: https://swapi.dev/api/people/1/
17:52:13.496 [main] ERROR com.intuit.karate - classpath:aula_inatel/starWars/starWars.feature:5
When method get
http call failed after 905 milliseconds for url: https://swapi.dev/api/people/1/
classpath:aula_inatel/starWars/starWars.feature:5
]]></system-out>
  </testcase>
  <testcase name="testStarWars[1][2]" classname="aula_inatel.starWars.swRunner" time="1.163">
    <failure message="http call failed after 455 milliseconds for url: https://swapi.dev/api/people/1/1234&#10;classpath:aula_inatel/starWars/starWars.feature:10" type="org.opentest4j.AssertionFailedError">org.opentest4j.AssertionFailedError: 
http call failed after 455 milliseconds for url: https://swapi.dev/api/people/1/1234
classpath:aula_inatel/starWars/starWars.feature:10
</failure>
    <system-out><![CDATA[17:52:13.530 [main] INFO  com.intuit.karate - karate.env system property was: null 
17:52:13.534 [main] DEBUG com.intuit.karate - request:
1 > GET https://swapi.dev/api/people/1/1234
1 > Host: swapi.dev
1 > Connection: Keep-Alive
1 > User-Agent: Apache-HttpClient/4.5.13 (Java/20.0.1)
1 > Accept-Encoding: gzip,deflate


17:52:13.988 [main] ERROR com.intuit.karate - javax.net.ssl.SSLHandshakeException: PKIX path validation failed: java.security.cert.CertPathValidatorException: validity check failed, http call failed after 455 milliseconds for url: https://swapi.dev/api/people/1/1234
17:52:13.989 [main] ERROR com.intuit.karate - classpath:aula_inatel/starWars/starWars.feature:10
When method get
http call failed after 455 milliseconds for url: https://swapi.dev/api/people/1/1234
classpath:aula_inatel/starWars/starWars.feature:10
---------------------------------------------------------
feature: classpath:aula_inatel/starWars/starWars.feature
scenarios:  2 | passed:  0 | failed:  2 | time: 1,3678
---------------------------------------------------------

Karate version: 1.1.0
======================================================
elapsed:   3,24 | threads:    1 | thread time: 1,37 
features:     1 | skipped:    0 | efficiency: 0,42
scenarios:    2 | passed:     0 | failed: 2
======================================================
>>> failed features:
http call failed after 905 milliseconds for url: https://swapi.dev/api/people/1/
classpath:aula_inatel/starWars/starWars.feature:5
http call failed after 455 milliseconds for url: https://swapi.dev/api/people/1/1234
classpath:aula_inatel/starWars/starWars.feature:10
<<<

HTML report: (paste into browser to view) | Karate version: 1.1.0
file:///C:/Users/Davi/Desktop/S206Karate/aula_karate/target/karate-reports/karate-summary.html
===================================================================

]]></system-out>
  </testcase>
</testsuite>